<?xml version="1.0" encoding="UTF-8"?>
<!-- Generated by org.testng.reporters.JUnitReportReporter -->
<testsuite skipped="0" hostname="AMW201-PC" name="com.w2a.testcases.FlightSearchTest" tests="1" failures="0" timestamp="31 Mar 2021 04:37:40 GMT" time="23.052" errors="0">
  <testcase name="flightSearchTest" time="23.052" classname="com.w2a.testcases.FlightSearchTest"/>
</testsuite> <!-- com.w2a.testcases.FlightSearchTest -->
